<?xml version="1.0" encoding="UTF-8"?>
<!-- Generated by org.testng.reporters.JUnitReportReporter -->
<testsuite hostname="DESKTOP-Q8BHGVA" failures="0" tests="1" name="Testit" time="14.325" errors="0" timestamp="2021-09-10T10:59:21 IST" skipped="0">
  <testcase classname="Testit" name="verfyfacebook" time="14.325"/>
  <system-out/>
</testsuite> <!-- Testit -->
